<?xml version="1.0" encoding="UTF-8"?>
<!-- Generated by org.testng.reporters.JUnitReportReporter -->
<testsuite hostname="LAPTOP-0G9F9NDF" failures="0" tests="1" name="Test_Classess.Demo_1" time="0.010" errors="0" timestamp="2022-10-19T14:39:17 IST" skipped="0">
  <testcase classname="Test_Classess.Demo_1" name="demo" time="0.010"/>
  <system-out>
Start Git Now  </system-out>
</testsuite> <!-- Test_Classess.Demo_1 -->
